TSCP Phase 3A WASM Structure
Tue Jun 30 19:37:03 PDT 2026

tscp_protocol.wasm:	file format wasm 0x1
module name: <tscp_protocol.wasm>

Section Details:

Table[1]:
 - table[0] type=funcref initial=1 max=1
Memory[1]:
 - memory[0] pages: initial=16
Global[3]:
 - global[0] i32 mutable=1 <__stack_pointer> - init i32=1048576
 - global[1] i32 mutable=0 <__data_end> - init i32=1048576
 - global[2] i32 mutable=0 <__heap_base> - init i32=1048576
Export[3]:
 - memory[0] -> "memory"
 - global[1] -> "__data_end"
 - global[2] -> "__heap_base"
Custom:
 - name: "name"
 - module <tscp_protocol.wasm>
 - global[0] <__stack_pointer>
Custom:
 - name: "producers"
Custom:
 - name: "target_features"
  - [+] bulk-memory
  - [+] bulk-memory-opt
  - [+] call-indirect-overlong
  - [+] multivalue
  - [+] mutable-globals
  - [+] nontrapping-fptoint
  - [+] reference-types
  - [+] sign-ext
