nohup: ignoring input
warning: unused import: `PrimeCharacteristicRing`
 --> crates/oracle-layer/src/constraint/lww.rs:2:23
  |
2 | ...ield, PrimeCharacteristicRing};
  |          ^^^^^^^^^^^^^^^^^^^^^^^
  |
  = note: `#[warn(unused_imports)]` (part of `#[warn(unused)]`) on by default

warning: `oracle-layer` (lib) generated 1 warning
warning: unused import: `vanishing_poly`
 --> crates/prover-server/src/main.rs:7:41
  |
7 | ...erpolate, vanishing_poly},
  |              ^^^^^^^^^^^^^^
  |
  = note: `#[warn(unused_imports)]` (part of `#[warn(unused)]`) on by default

warning: field `alpha` is never read
  --> crates/prover-server/src/main.rs:19:5
   |
16 | pub struct ProveRequest {
   |            ------------ field in this struct
...
19 |     alpha: u64,
   |     ^^^^^
   |
   = note: `ProveRequest` has a derived impl for the trait `Debug`, but this is intentionally ignored during dead code analysis
   = note: `#[warn(dead_code)]` (part of `#[warn(unused)]`) on by default

warning: `prover-server` (bin "prover-server") generated 2 warnings (run `cargo fix --bin "prover-server" -p prover-server` to apply 1 suggestion)
    Finished `dev` profile [unoptimized + debuginfo] target(s) in 0.60s
     Running `target/debug/prover-server`
TSCP Prover listening on 0.0.0.0:3030
